app/build/intermediates/manifest_merge_blame_file/debug/manifest-merger-blame-debug-report.txt
1<?xml version="1.0" encoding="utf-8"?>
2<manifest xmlns:android="http://schemas.android.com/apk/res/android"
3    package="tim.vans.booksbook"
4    android:versionCode="1"
5    android:versionName="1.0" >
6
7    <uses-sdk
7-->src\main\AndroidManifest.xml:6:5-73
8        android:minSdkVersion="16"
8-->src\main\AndroidManifest.xml:6:5-73
9        android:targetSdkVersion="30" />
9-->src\main\AndroidManifest.xml:6:5-73
10
11    <uses-permission android:name="android.permission.CAMERA" />
11-->src\main\AndroidManifest.xml:8:5-65
11-->src\main\AndroidManifest.xml:8:22-62
12    <uses-permission android:name="android.permission.INTERNET" />
12-->src\main\AndroidManifest.xml:9:5-67
12-->src\main\AndroidManifest.xml:9:22-64
13
14    <uses-feature android:name="android.hardware.camera" />
14-->src\main\AndroidManifest.xml:11:5-60
14-->src\main\AndroidManifest.xml:11:19-57
15    <uses-feature android:name="android.hardware.autofocus" />
15-->src\main\AndroidManifest.xml:12:5-63
15-->src\main\AndroidManifest.xml:12:19-60
16    <uses-feature
16-->[com.journeyapps:zxing-android-embedded:4.2.0] AndroidManifest.xml:28:5-30:36
17        android:name="android.hardware.camera.front"
17-->[com.journeyapps:zxing-android-embedded:4.2.0] AndroidManifest.xml:29:9-53
18        android:required="false" /> <!-- TODO replace above two with next line after Android 4.2 -->
18-->[com.journeyapps:zxing-android-embedded:4.2.0] AndroidManifest.xml:30:9-33
19    <!-- <uses-feature android:name="android.hardware.camera.any"/> -->
20    <uses-feature
20-->[com.journeyapps:zxing-android-embedded:4.2.0] AndroidManifest.xml:33:5-35:36
21        android:name="android.hardware.camera.autofocus"
21-->[com.journeyapps:zxing-android-embedded:4.2.0] AndroidManifest.xml:34:9-57
22        android:required="false" />
22-->[com.journeyapps:zxing-android-embedded:4.2.0] AndroidManifest.xml:35:9-33
23    <uses-feature
23-->[com.journeyapps:zxing-android-embedded:4.2.0] AndroidManifest.xml:36:5-38:36
24        android:name="android.hardware.camera.flash"
24-->[com.journeyapps:zxing-android-embedded:4.2.0] AndroidManifest.xml:37:9-53
25        android:required="false" />
25-->[com.journeyapps:zxing-android-embedded:4.2.0] AndroidManifest.xml:38:9-33
26    <uses-feature
26-->[com.journeyapps:zxing-android-embedded:4.2.0] AndroidManifest.xml:39:5-41:36
27        android:name="android.hardware.screen.landscape"
27-->[com.journeyapps:zxing-android-embedded:4.2.0] AndroidManifest.xml:40:9-57
28        android:required="false" />
28-->[com.journeyapps:zxing-android-embedded:4.2.0] AndroidManifest.xml:41:9-33
29    <uses-feature
29-->[com.journeyapps:zxing-android-embedded:4.2.0] AndroidManifest.xml:42:5-44:36
30        android:name="android.hardware.wifi"
30-->[com.journeyapps:zxing-android-embedded:4.2.0] AndroidManifest.xml:43:9-45
31        android:required="false" />
31-->[com.journeyapps:zxing-android-embedded:4.2.0] AndroidManifest.xml:44:9-33
32
33    <application
33-->src\main\AndroidManifest.xml:14:5-34:19
34        android:allowBackup="true"
34-->src\main\AndroidManifest.xml:15:9-35
35        android:appComponentFactory="androidx.core.app.CoreComponentFactory"
35-->[androidx.core:core:1.3.2] AndroidManifest.xml:24:18-86
36        android:debuggable="true"
37        android:hardwareAccelerated="true"
37-->src\main\AndroidManifest.xml:16:9-43
38        android:icon="@mipmap/ic_launcher"
38-->src\main\AndroidManifest.xml:17:9-43
39        android:label="@string/app_name"
39-->src\main\AndroidManifest.xml:18:9-41
40        android:roundIcon="@mipmap/ic_launcher_round"
40-->src\main\AndroidManifest.xml:19:9-54
41        android:supportsRtl="true"
41-->src\main\AndroidManifest.xml:20:9-35
42        android:testOnly="true"
43        android:theme="@style/Theme.Booksbook" >
43-->src\main\AndroidManifest.xml:21:9-47
44        <activity android:name="tim.vans.booksbook.MainActivity" >
44-->src\main\AndroidManifest.xml:22:9-28:20
44-->src\main\AndroidManifest.xml:22:19-47
45            <intent-filter>
45-->src\main\AndroidManifest.xml:23:13-27:29
46                <action android:name="android.intent.action.MAIN" />
46-->src\main\AndroidManifest.xml:24:17-69
46-->src\main\AndroidManifest.xml:24:25-66
47
48                <category android:name="android.intent.category.LAUNCHER" />
48-->src\main\AndroidManifest.xml:26:17-77
48-->src\main\AndroidManifest.xml:26:27-74
49            </intent-filter>
50        </activity>
51        <activity
51-->src\main\AndroidManifest.xml:29:9-33:63
52            android:name="tim.vans.booksbook.CaptureAction"
52-->src\main\AndroidManifest.xml:30:13-42
53            android:screenOrientation="fullSensor"
53-->src\main\AndroidManifest.xml:31:13-51
54            android:stateNotNeeded="true"
54-->src\main\AndroidManifest.xml:32:13-42
55            android:windowSoftInputMode="stateAlwaysHidden" />
55-->src\main\AndroidManifest.xml:33:13-60
56        <activity
56-->[com.journeyapps:zxing-android-embedded:4.2.0] AndroidManifest.xml:47:9-53:63
57            android:name="com.journeyapps.barcodescanner.CaptureActivity"
57-->[com.journeyapps:zxing-android-embedded:4.2.0] AndroidManifest.xml:48:13-74
58            android:clearTaskOnLaunch="true"
58-->[com.journeyapps:zxing-android-embedded:4.2.0] AndroidManifest.xml:49:13-45
59            android:screenOrientation="sensorLandscape"
59-->[com.journeyapps:zxing-android-embedded:4.2.0] AndroidManifest.xml:50:13-56
60            android:stateNotNeeded="true"
60-->[com.journeyapps:zxing-android-embedded:4.2.0] AndroidManifest.xml:51:13-42
61            android:theme="@style/zxing_CaptureTheme"
61-->[com.journeyapps:zxing-android-embedded:4.2.0] AndroidManifest.xml:52:13-54
62            android:windowSoftInputMode="stateAlwaysHidden" />
62-->[com.journeyapps:zxing-android-embedded:4.2.0] AndroidManifest.xml:53:13-60
63
64        <service
64-->[androidx.room:room-runtime:2.3.0] AndroidManifest.xml:25:9-28:40
65            android:name="androidx.room.MultiInstanceInvalidationService"
65-->[androidx.room:room-runtime:2.3.0] AndroidManifest.xml:26:13-74
66            android:directBootAware="true"
66-->[androidx.room:room-runtime:2.3.0] AndroidManifest.xml:27:13-43
67            android:exported="false" />
67-->[androidx.room:room-runtime:2.3.0] AndroidManifest.xml:28:13-37
68    </application>
69
70</manifest>